

*******************************************************************************
Mon May  6 16:10:07 2019


FIT:    data read from "MM_1000.xvg" u 1:2
	x range restricted to [0.00100000 : 4.00000]
        #datapoints = 16
        residuals are weighted equally (unit weight)

function used for fitting: vai(x,a0,a1,a2)
fitted parameters initialized with current variable values



 Iteration 0
 WSSR        : 129540            delta(WSSR)/WSSR   : 0
 delta(WSSR) : 0                 limit for stopping : 1e-05
 lambda	  : 57.1469

initial set of free parameter values

a0              = 1
a1              = 1
a2              = 1

After 7 iterations the fit converged.
final sum of squares of residuals : 0.00108242
rel. change during last iteration : -7.61254e-15

degrees of freedom    (FIT_NDF)                        : 13
rms of residuals      (FIT_STDFIT) = sqrt(WSSR/ndf)    : 0.00912485
variance of residuals (reduced chisquare) = WSSR/ndf   : 8.32628e-05

Final set of parameters            Asymptotic Standard Error
=======================            ==========================

a0              = 1.133            +/- 0.01401      (1.237%)
a1              = 0.0657564        +/- 0.002399     (3.648%)
a2              = 0.00262841       +/- 0.0002071    (7.881%)


correlation matrix of the fit parameters:

               a0     a1     a2     
a0              1.000 
a1              0.932  1.000 
a2              0.903  0.992  1.000 


*******************************************************************************
Mon May  6 16:10:07 2019


FIT:    data read from "MM_2000.xvg" u 1:2
	x range restricted to [0.00100000 : 4.00000]
        #datapoints = 16
        residuals are weighted equally (unit weight)

function used for fitting: vai(x,a0,a1,a2)
fitted parameters initialized with current variable values



 Iteration 0
 WSSR        : 129543            delta(WSSR)/WSSR   : 0
 delta(WSSR) : 0                 limit for stopping : 1e-05
 lambda	  : 57.1469

initial set of free parameter values

a0              = 1
a1              = 1
a2              = 1

After 7 iterations the fit converged.
final sum of squares of residuals : 0.000887103
rel. change during last iteration : -1.07552e-14

degrees of freedom    (FIT_NDF)                        : 13
rms of residuals      (FIT_STDFIT) = sqrt(WSSR/ndf)    : 0.00826067
variance of residuals (reduced chisquare) = WSSR/ndf   : 6.82387e-05

Final set of parameters            Asymptotic Standard Error
=======================            ==========================

a0              = 1.12962          +/- 0.01269      (1.123%)
a1              = 0.0655672        +/- 0.00218      (3.325%)
a2              = 0.00260569       +/- 0.0001875    (7.197%)


correlation matrix of the fit parameters:

               a0     a1     a2     
a0              1.000 
a1              0.932  1.000 
a2              0.903  0.992  1.000 


*******************************************************************************
Mon May  6 16:10:07 2019


FIT:    data read from "MM_3000.xvg" u 1:2
	x range restricted to [0.00100000 : 4.00000]
        #datapoints = 16
        residuals are weighted equally (unit weight)

function used for fitting: vai(x,a0,a1,a2)
fitted parameters initialized with current variable values



 Iteration 0
 WSSR        : 129544            delta(WSSR)/WSSR   : 0
 delta(WSSR) : 0                 limit for stopping : 1e-05
 lambda	  : 57.1469

initial set of free parameter values

a0              = 1
a1              = 1
a2              = 1

After 7 iterations the fit converged.
final sum of squares of residuals : 0.000987673
rel. change during last iteration : -3.07366e-15

degrees of freedom    (FIT_NDF)                        : 13
rms of residuals      (FIT_STDFIT) = sqrt(WSSR/ndf)    : 0.00871635
variance of residuals (reduced chisquare) = WSSR/ndf   : 7.59748e-05

Final set of parameters            Asymptotic Standard Error
=======================            ==========================

a0              = 1.12009          +/- 0.01339      (1.195%)
a1              = 0.0646363        +/- 0.00233      (3.605%)
a2              = 0.00253572       +/- 0.0001979    (7.803%)


correlation matrix of the fit parameters:

               a0     a1     a2     
a0              1.000 
a1              0.933  1.000 
a2              0.903  0.992  1.000 


*******************************************************************************
Mon May  6 16:10:07 2019


FIT:    data read from "MM_4000.xvg" u 1:2
	x range restricted to [0.00100000 : 4.00000]
        #datapoints = 16
        residuals are weighted equally (unit weight)

function used for fitting: vai(x,a0,a1,a2)
fitted parameters initialized with current variable values



 Iteration 0
 WSSR        : 129543            delta(WSSR)/WSSR   : 0
 delta(WSSR) : 0                 limit for stopping : 1e-05
 lambda	  : 57.1469

initial set of free parameter values

a0              = 1
a1              = 1
a2              = 1

After 7 iterations the fit converged.
final sum of squares of residuals : 0.00112973
rel. change during last iteration : -7.10175e-15

degrees of freedom    (FIT_NDF)                        : 13
rms of residuals      (FIT_STDFIT) = sqrt(WSSR/ndf)    : 0.00932216
variance of residuals (reduced chisquare) = WSSR/ndf   : 8.69027e-05

Final set of parameters            Asymptotic Standard Error
=======================            ==========================

a0              = 1.11727          +/- 0.01432      (1.281%)
a1              = 0.0643296        +/- 0.002502     (3.89%)
a2              = 0.00251398       +/- 0.0002116    (8.418%)


correlation matrix of the fit parameters:

               a0     a1     a2     
a0              1.000 
a1              0.933  1.000 
a2              0.903  0.992  1.000 
