Log file opened on Mon Apr 29 16:05:39 2019
Host: r10i2n1  pid: 26767  rank ID: 0  number of ranks:  16
                        :-) GROMACS - mdrun, 2016.1 (-:

                            GROMACS is written by:
     Emile Apol      Rossen Apostolov  Herman J.C. Berendsen    Par Bjelkmar   
 Aldert van Buuren   Rudi van Drunen     Anton Feenstra    Gerrit Groenhof  
 Christoph Junghans   Anca Hamuraru    Vincent Hindriksen Dimitrios Karkoulis
    Peter Kasson        Jiri Kraus      Carsten Kutzner      Per Larsson    
  Justin A. Lemkul   Magnus Lundborg   Pieter Meulenhoff    Erik Marklund   
   Teemu Murtola       Szilard Pall       Sander Pronk      Roland Schulz   
  Alexey Shvetsov     Michael Shirts     Alfons Sijbers     Peter Tieleman  
  Teemu Virolainen  Christian Wennberg    Maarten Wolf   
                           and the project leaders:
        Mark Abraham, Berk Hess, Erik Lindahl, and David van der Spoel

Copyright (c) 1991-2000, University of Groningen, The Netherlands.
Copyright (c) 2001-2015, The GROMACS development team at
Uppsala University, Stockholm University and
the Royal Institute of Technology, Sweden.
check out http://www.gromacs.org for more information.

GROMACS is free software; you can redistribute it and/or modify it
under the terms of the GNU Lesser General Public License
as published by the Free Software Foundation; either version 2.1
of the License, or (at your option) any later version.

GROMACS:      mdrun, version 2016.1
Executable:   /sw/sdev/Modules/gromacs/gromacs-2016.1/bin/mdrun
Data prefix:  /sw/sdev/Modules/gromacs/gromacs-2016.1
Working dir:  /home/ntnu/pousaneh/Simulations/Confiremd/AR_HS_2019/P9000
Command line:
  mdrun -s NPT.tpr -deffnm NPT -table Table_HS_modif.xvg

GROMACS version:    2016.1
Precision:          single
Memory model:       64 bit
MPI library:        MPI
OpenMP support:     enabled (GMX_OPENMP_MAX_THREADS = 32)
GPU support:        disabled
SIMD instructions:  AVX_256
FFT library:        Intel MKL
RDTSCP usage:       disabled
TNG support:        enabled
Hwloc support:      disabled
Tracing support:    disabled
Built on:           Thu Jan 12 07:55:47 CET 2017
Built by:           vegarde@service0 [CMAKE]
Build OS/arch:      Linux 3.0.101-84-default x86_64
Build CPU vendor:   Unknown
Build CPU brand:    Unknown
Build CPU family:   0   Model: 0   Stepping: 0
Build CPU features: Unknown
C compiler:         /sw/sdev/Modules/intelcomp/17.0/bin/icc Intel 17.0.0.20160721
C compiler flags:    -mavx   -mkl=sequential  -std=gnu99  -O3 -xHost -DNDEBUG -ip -funroll-all-loops -alias-const -ansi-alias  
C++ compiler:       /sw/sdev/Modules/intelcomp/17.0/bin/icpc Intel 17.0.0.20160721
C++ compiler flags:  -mavx    -std=c++0x   -O3 -xHost -DNDEBUG -ip -funroll-all-loops -alias-const -ansi-alias  


Running on 1 node with total 16 cores, 32 logical cores
Hardware detected on host r10i2n1 (the node of MPI rank 0):
  CPU info:
    Vendor: Intel
    Brand:  Intel(R) Xeon(R) CPU E5-2670 0 @ 2.60GHz
    Family: 6   Model: 45   Stepping: 6
    Features: aes apic avx clfsh cmov cx8 cx16 htt lahf mmx msr nonstop_tsc pcid pclmuldq pdcm pdpe1gb popcnt pse rdtscp sse2 sse3 sse4.1 sse4.2 ssse3 tdt x2apic
    SIMD instructions most likely to fit this hardware: AVX_256
    SIMD instructions selected at GROMACS compile time: AVX_256

  Hardware topology: Basic
    Sockets, cores, and logical processors:
      Socket  0: [   0  16] [   1  17] [   2  18] [   3  19] [   4  20] [   5  21] [   6  22] [   7  23]
      Socket  1: [   8  24] [   9  25] [  10  26] [  11  27] [  12  28] [  13  29] [  14  30] [  15  31]


The current CPU can measure timings more accurately than the code in
mdrun was configured to use. This might affect your simulation
speed as accurate timings are needed for load-balancing.
Please consider rebuilding mdrun with the GMX_USE_RDTSCP=ON CMake option.


++++ PLEASE READ AND CITE THE FOLLOWING REFERENCE ++++
M. J. Abraham, T. Murtola, R. Schulz, S. Páll, J. C. Smith, B. Hess, E.
Lindahl
GROMACS: High performance molecular simulations through multi-level
parallelism from laptops to supercomputers
SoftwareX 1 (2015) pp. 19-25
-------- -------- --- Thank You --- -------- --------


++++ PLEASE READ AND CITE THE FOLLOWING REFERENCE ++++
S. Páll, M. J. Abraham, C. Kutzner, B. Hess, E. Lindahl
Tackling Exascale Software Challenges in Molecular Dynamics Simulations with
GROMACS
In S. Markidis & E. Laure (Eds.), Solving Software Challenges for Exascale 8759 (2015) pp. 3-27
-------- -------- --- Thank You --- -------- --------


++++ PLEASE READ AND CITE THE FOLLOWING REFERENCE ++++
S. Pronk, S. Páll, R. Schulz, P. Larsson, P. Bjelkmar, R. Apostolov, M. R.
Shirts, J. C. Smith, P. M. Kasson, D. van der Spoel, B. Hess, and E. Lindahl
GROMACS 4.5: a high-throughput and highly parallel open source molecular
simulation toolkit
Bioinformatics 29 (2013) pp. 845-54
-------- -------- --- Thank You --- -------- --------


++++ PLEASE READ AND CITE THE FOLLOWING REFERENCE ++++
B. Hess and C. Kutzner and D. van der Spoel and E. Lindahl
GROMACS 4: Algorithms for highly efficient, load-balanced, and scalable
molecular simulation
J. Chem. Theory Comput. 4 (2008) pp. 435-447
-------- -------- --- Thank You --- -------- --------


++++ PLEASE READ AND CITE THE FOLLOWING REFERENCE ++++
D. van der Spoel, E. Lindahl, B. Hess, G. Groenhof, A. E. Mark and H. J. C.
Berendsen
GROMACS: Fast, Flexible and Free
J. Comp. Chem. 26 (2005) pp. 1701-1719
-------- -------- --- Thank You --- -------- --------


++++ PLEASE READ AND CITE THE FOLLOWING REFERENCE ++++
E. Lindahl and B. Hess and D. van der Spoel
GROMACS 3.0: A package for molecular simulation and trajectory analysis
J. Mol. Mod. 7 (2001) pp. 306-317
-------- -------- --- Thank You --- -------- --------


++++ PLEASE READ AND CITE THE FOLLOWING REFERENCE ++++
H. J. C. Berendsen, D. van der Spoel and R. van Drunen
GROMACS: A message-passing parallel molecular dynamics implementation
Comp. Phys. Comm. 91 (1995) pp. 43-56
-------- -------- --- Thank You --- -------- --------

Input Parameters:
   integrator                     = md
   tinit                          = 0
   dt                             = 0.002
   nsteps                         = 30000000
   init-step                      = 0
   simulation-part                = 1
   comm-mode                      = Linear
   nstcomm                        = 100
   bd-fric                        = 0
   ld-seed                        = -1400978141
   emtol                          = 10
   emstep                         = 0.01
   niter                          = 20
   fcstep                         = 0
   nstcgsteep                     = 1000
   nbfgscorr                      = 10
   rtpi                           = 0.05
   nstxout                        = 1000000
   nstvout                        = 1000000
   nstfout                        = 0
   nstlog                         = 1000000
   nstcalcenergy                  = 100
   nstenergy                      = 100000
   nstxout-compressed             = 1000000
   compressed-x-precision         = 1000
   cutoff-scheme                  = Group
   nstlist                        = 10
   ns-type                        = Grid
   pbc                            = xyz
   periodic-molecules             = false
   verlet-buffer-tolerance        = 0.005
   rlist                          = 0.9
   coulombtype                    = PME-User
   coulomb-modifier               = None
   rcoulomb-switch                = 0
   rcoulomb                       = 0.9
   epsilon-r                      = 1
   epsilon-rf                     = inf
   vdw-type                       = User
   vdw-modifier                   = None
   rvdw-switch                    = 0
   rvdw                           = 0.3479
   DispCorr                       = No
   table-extension                = 1
   fourierspacing                 = 0.16
   fourier-nx                     = 28
   fourier-ny                     = 28
   fourier-nz                     = 28
   pme-order                      = 4
   ewald-rtol                     = 1e-05
   ewald-rtol-lj                  = 0.001
   lj-pme-comb-rule               = Geometric
   ewald-geometry                 = 0
   epsilon-surface                = 0
   implicit-solvent               = No
   gb-algorithm                   = Still
   nstgbradii                     = 1
   rgbradii                       = 1
   gb-epsilon-solvent             = 80
   gb-saltconc                    = 0
   gb-obc-alpha                   = 1
   gb-obc-beta                    = 0.8
   gb-obc-gamma                   = 4.85
   gb-dielectric-offset           = 0.009
   sa-algorithm                   = Ace-approximation
   sa-surface-tension             = 2.05016
   tcoupl                         = V-rescale
   nsttcouple                     = 10
   nh-chain-length                = 0
   print-nose-hoover-chain-variables = false
   pcoupl                         = Parrinello-Rahman
   pcoupltype                     = Isotropic
   nstpcouple                     = 10
   tau-p                          = 1
   compressibility (3x3):
      compressibility[    0]={ 6.20000e-05,  0.00000e+00,  0.00000e+00}
      compressibility[    1]={ 0.00000e+00,  6.20000e-05,  0.00000e+00}
      compressibility[    2]={ 0.00000e+00,  0.00000e+00,  6.20000e-05}
   ref-p (3x3):
      ref-p[    0]={ 9.00000e+03,  0.00000e+00,  0.00000e+00}
      ref-p[    1]={ 0.00000e+00,  9.00000e+03,  0.00000e+00}
      ref-p[    2]={ 0.00000e+00,  0.00000e+00,  9.00000e+03}
   refcoord-scaling               = No
   posres-com (3):
      posres-com[0]= 0.00000e+00
      posres-com[1]= 0.00000e+00
      posres-com[2]= 0.00000e+00
   posres-comB (3):
      posres-comB[0]= 0.00000e+00
      posres-comB[1]= 0.00000e+00
      posres-comB[2]= 0.00000e+00
   QMMM                           = false
   QMconstraints                  = 0
   QMMMscheme                     = 0
   MMChargeScaleFactor            = 1
qm-opts:
   ngQM                           = 0
   constraint-algorithm           = Lincs
   continuation                   = true
   Shake-SOR                      = false
   shake-tol                      = 0.0001
   lincs-order                    = 4
   lincs-iter                     = 1
   lincs-warnangle                = 30
   nwall                          = 0
   wall-type                      = 9-3
   wall-r-linpot                  = -1
   wall-atomtype[0]               = -1
   wall-atomtype[1]               = -1
   wall-density[0]                = 0
   wall-density[1]                = 0
   wall-ewald-zfac                = 3
   pull                           = false
   rotation                       = false
   interactiveMD                  = false
   disre                          = No
   disre-weighting                = Conservative
   disre-mixed                    = false
   dr-fc                          = 1000
   dr-tau                         = 0
   nstdisreout                    = 100
   orire-fc                       = 0
   orire-tau                      = 0
   nstorireout                    = 100
   free-energy                    = no
   cos-acceleration               = 0
   deform (3x3):
      deform[    0]={ 0.00000e+00,  0.00000e+00,  0.00000e+00}
      deform[    1]={ 0.00000e+00,  0.00000e+00,  0.00000e+00}
      deform[    2]={ 0.00000e+00,  0.00000e+00,  0.00000e+00}
   simulated-tempering            = false
   E-x:
      n = 0
   E-xt:
      n = 0
   E-y:
      n = 0
   E-yt:
      n = 0
   E-z:
      n = 0
   E-zt:
      n = 0
   swapcoords                     = no
   userint1                       = 0
   userint2                       = 0
   userint3                       = 0
   userint4                       = 0
   userreal1                      = 0
   userreal2                      = 0
   userreal3                      = 0
   userreal4                      = 0
grpopts:
   nrdf:        2997
   ref-t:       179.8
   tau-t:         0.1
annealing:          No
annealing-npoints:           0
   acc:	           0           0           0
   nfreeze:           N           N           N
   energygrp-flags[  0]: 0


Initializing Domain Decomposition on 16 ranks
Dynamic load balancing: auto
Using 0 separate PME ranks, as there are too few total
 ranks for efficient splitting
Scaling the initial minimum size with 1/0.8 (option -dds) = 1.25
Optimizing the DD grid for 16 cells with a minimum initial size of 0.000 nm
Domain decomposition grid 4 x 4 x 1, separate PME ranks 0
PME domain decomposition: 4 x 4 x 1
Domain decomposition rank 0, coordinates 0 0 0

The initial number of communication pulses is: X 1 Y 1
The initial domain decomposition cell size is: X 1.05 nm Y 1.05 nm

When dynamic load balancing gets turned on, these settings will change to:
The maximum number of communication pulses is: X 2 Y 2
The minimum size for domain decomposition cells is 0.450 nm
The requested allowed shrink of DD cells (option -dds) is: 0.80
The allowed shrink of domain decomposition cells is: X 0.43 Y 0.43
Using 16 MPI processes


NOTE: This file uses the deprecated 'group' cutoff_scheme. This will be
removed in a future release when 'verlet' supports all interaction forms.

Table routines are used for coulomb: true
Table routines are used for vdw:     true
Will do PME sum in reciprocal space for electrostatic interactions.

++++ PLEASE READ AND CITE THE FOLLOWING REFERENCE ++++
U. Essmann, L. Perera, M. L. Berkowitz, T. Darden, H. Lee and L. G. Pedersen 
A smooth particle mesh Ewald method
J. Chem. Phys. 103 (1995) pp. 8577-8592
-------- -------- --- Thank You --- -------- --------

Will do ordinary reciprocal space Ewald sum.
Using a Gaussian width (1/beta) of 0.288146 nm for Ewald
Cut-off's:   NS: 0.9   Coulomb: 0.9   LJ: 0.3479
System total charge: 0.000
Read user tables from Table_HS_modif.xvg with 1501 data points.
Tabscale = 500 points/nm
Potential shift: LJ r^-12: 0.000e+00 r^-6: 0.000e+00, Ewald -0.000e+00
Initialized non-bonded Ewald correction tables, spacing: 8.85e-04 size: 2148


Non-default thread affinity set probably by the OpenMP library,
disabling internal thread affinity

Linking all bonded interactions to atoms

Intra-simulation communication will occur every 10 steps.
Center of mass motion removal mode is Linear
We have the following groups for center of mass motion removal:
  0:  rest

++++ PLEASE READ AND CITE THE FOLLOWING REFERENCE ++++
G. Bussi, D. Donadio and M. Parrinello
Canonical sampling through velocity rescaling
J. Chem. Phys. 126 (2007) pp. 014101
-------- -------- --- Thank You --- -------- --------

There are: 1000 Atoms
Atom distribution over 16 domains: av 62 stddev 8 min 57 max 68
Grid: 4 x 4 x 5 cells
Initial temperature: 178.294 K

Started mdrun on rank 0 Mon Apr 29 16:05:39 2019
           Step           Time
              0        0.00000


   Energies (kJ/mol)
        LJ (SR)   Coulomb (SR)   Coul. recip.      Potential    Kinetic En.
    1.00686e+02    0.00000e+00    0.00000e+00    1.00686e+02    2.21976e+03
   Total Energy    Temperature Pressure (bar)
    2.32045e+03    1.78162e+02    1.33809e+03

DD  step 9 load imb.: force  8.5%


Step 41  Warning: Pressure scaling more than 1%. This may mean your system
 is not yet equilibrated. Use of Parrinello-Rahman pressure coupling during
equilibration can lead to simulation instability, and is discouraged.

Step 51  Warning: Pressure scaling more than 1%. This may mean your system
 is not yet equilibrated. Use of Parrinello-Rahman pressure coupling during
equilibration can lead to simulation instability, and is discouraged.

Step 61  Warning: Pressure scaling more than 1%. This may mean your system
 is not yet equilibrated. Use of Parrinello-Rahman pressure coupling during
equilibration can lead to simulation instability, and is discouraged.

Step 71  Warning: Pressure scaling more than 1%. This may mean your system
 is not yet equilibrated. Use of Parrinello-Rahman pressure coupling during
equilibration can lead to simulation instability, and is discouraged.

Step 81  Warning: Pressure scaling more than 1%. This may mean your system
 is not yet equilibrated. Use of Parrinello-Rahman pressure coupling during
equilibration can lead to simulation instability, and is discouraged.

Step 91  Warning: Pressure scaling more than 1%. This may mean your system
 is not yet equilibrated. Use of Parrinello-Rahman pressure coupling during
equilibration can lead to simulation instability, and is discouraged.

Step 101  Warning: Pressure scaling more than 1%. This may mean your system
 is not yet equilibrated. Use of Parrinello-Rahman pressure coupling during
equilibration can lead to simulation instability, and is discouraged.
DD  step 999999 load imb.: force  9.0%

           Step           Time
        1000000     2000.00000

   Energies (kJ/mol)
        LJ (SR)   Coulomb (SR)   Coul. recip.      Potential    Kinetic En.
    4.46959e+02    0.00000e+00    0.00000e+00    4.46959e+02    2.24320e+03
   Total Energy    Temperature Pressure (bar)
    2.69016e+03    1.80043e+02    9.08384e+03

DD  step 1999999 load imb.: force  4.0%

           Step           Time
        2000000     4000.00000

   Energies (kJ/mol)
        LJ (SR)   Coulomb (SR)   Coul. recip.      Potential    Kinetic En.
    4.51938e+02    0.00000e+00    0.00000e+00    4.51938e+02    2.14778e+03
   Total Energy    Temperature Pressure (bar)
    2.59972e+03    1.72385e+02    8.88989e+03

DD  step 2999999 load imb.: force  5.9%

           Step           Time
        3000000     6000.00000

   Energies (kJ/mol)
        LJ (SR)   Coulomb (SR)   Coul. recip.      Potential    Kinetic En.
    5.12302e+02    0.00000e+00    0.00000e+00    5.12302e+02    2.36864e+03
   Total Energy    Temperature Pressure (bar)
    2.88094e+03    1.90111e+02    9.95533e+03

DD  step 3999999 load imb.: force  6.9%

           Step           Time
        4000000     8000.00000

   Energies (kJ/mol)
        LJ (SR)   Coulomb (SR)   Coul. recip.      Potential    Kinetic En.
    4.01157e+02    0.00000e+00    0.00000e+00    4.01157e+02    2.24779e+03
   Total Energy    Temperature Pressure (bar)
    2.64894e+03    1.80411e+02    8.24223e+03

Writing checkpoint, step 4716250 at Mon Apr 29 16:20:39 2019


DD  step 4999999 load imb.: force  7.0%

           Step           Time
        5000000    10000.00000

   Energies (kJ/mol)
        LJ (SR)   Coulomb (SR)   Coul. recip.      Potential    Kinetic En.
    4.72341e+02    0.00000e+00    0.00000e+00    4.72341e+02    2.20975e+03
   Total Energy    Temperature Pressure (bar)
    2.68210e+03    1.77359e+02    9.24704e+03

DD  step 5999999 load imb.: force  5.0%

           Step           Time
        6000000    12000.00000

   Energies (kJ/mol)
        LJ (SR)   Coulomb (SR)   Coul. recip.      Potential    Kinetic En.
    4.40088e+02    0.00000e+00    0.00000e+00    4.40088e+02    2.30610e+03
   Total Energy    Temperature Pressure (bar)
    2.74619e+03    1.85092e+02    8.88233e+03

DD  step 6999999 load imb.: force  5.2%

           Step           Time
        7000000    14000.00000

   Energies (kJ/mol)
        LJ (SR)   Coulomb (SR)   Coul. recip.      Potential    Kinetic En.
    3.90997e+02    0.00000e+00    0.00000e+00    3.90997e+02    2.10048e+03
   Total Energy    Temperature Pressure (bar)
    2.49148e+03    1.68588e+02    8.26229e+03

DD  step 7999999 load imb.: force  8.1%

           Step           Time
        8000000    16000.00000

   Energies (kJ/mol)
        LJ (SR)   Coulomb (SR)   Coul. recip.      Potential    Kinetic En.
    4.25642e+02    0.00000e+00    0.00000e+00    4.25642e+02    2.26950e+03
   Total Energy    Temperature Pressure (bar)
    2.69514e+03    1.82154e+02    8.73256e+03

DD  step 8999999 load imb.: force  4.2%

           Step           Time
        9000000    18000.00000

   Energies (kJ/mol)
        LJ (SR)   Coulomb (SR)   Coul. recip.      Potential    Kinetic En.
    4.18084e+02    0.00000e+00    0.00000e+00    4.18084e+02    2.18825e+03
   Total Energy    Temperature Pressure (bar)
    2.60634e+03    1.75633e+02    8.54885e+03

Writing checkpoint, step 9433130 at Mon Apr 29 16:35:39 2019


DD  step 9999999 load imb.: force  7.3%

           Step           Time
       10000000    20000.00000

   Energies (kJ/mol)
        LJ (SR)   Coulomb (SR)   Coul. recip.      Potential    Kinetic En.
    4.49873e+02    0.00000e+00    0.00000e+00    4.49873e+02    2.05745e+03
   Total Energy    Temperature Pressure (bar)
    2.50732e+03    1.65134e+02    8.87081e+03

DD  step 10999999 load imb.: force  6.9%

           Step           Time
       11000000    22000.00000

   Energies (kJ/mol)
        LJ (SR)   Coulomb (SR)   Coul. recip.      Potential    Kinetic En.
    4.48445e+02    0.00000e+00    0.00000e+00    4.48445e+02    2.31389e+03
   Total Energy    Temperature Pressure (bar)
    2.76233e+03    1.85717e+02    8.94384e+03

DD  step 11999999 load imb.: force  6.1%

           Step           Time
       12000000    24000.00000

   Energies (kJ/mol)
        LJ (SR)   Coulomb (SR)   Coul. recip.      Potential    Kinetic En.
    4.14801e+02    0.00000e+00    0.00000e+00    4.14801e+02    2.29254e+03
   Total Energy    Temperature Pressure (bar)
    2.70735e+03    1.84004e+02    8.58456e+03

DD  step 12999999 load imb.: force  5.2%

           Step           Time
       13000000    26000.00000

   Energies (kJ/mol)
        LJ (SR)   Coulomb (SR)   Coul. recip.      Potential    Kinetic En.
    3.91706e+02    0.00000e+00    0.00000e+00    3.91706e+02    2.26278e+03
   Total Energy    Temperature Pressure (bar)
    2.65449e+03    1.81615e+02    8.19043e+03

DD  step 13999999 load imb.: force  6.5%

           Step           Time
       14000000    28000.00000

   Energies (kJ/mol)
        LJ (SR)   Coulomb (SR)   Coul. recip.      Potential    Kinetic En.
    4.33343e+02    0.00000e+00    0.00000e+00    4.33343e+02    2.35898e+03
   Total Energy    Temperature Pressure (bar)
    2.79232e+03    1.89336e+02    8.85764e+03

Writing checkpoint, step 14149710 at Mon Apr 29 16:50:39 2019


DD  step 14999999 load imb.: force  6.8%

           Step           Time
       15000000    30000.00000

   Energies (kJ/mol)
        LJ (SR)   Coulomb (SR)   Coul. recip.      Potential    Kinetic En.
    3.95576e+02    0.00000e+00    0.00000e+00    3.95576e+02    2.27115e+03
   Total Energy    Temperature Pressure (bar)
    2.66672e+03    1.82286e+02    8.20706e+03

DD  step 15999999 load imb.: force  7.4%

           Step           Time
       16000000    32000.00000

   Energies (kJ/mol)
        LJ (SR)   Coulomb (SR)   Coul. recip.      Potential    Kinetic En.
    4.47100e+02    0.00000e+00    0.00000e+00    4.47100e+02    2.30215e+03
   Total Energy    Temperature Pressure (bar)
    2.74925e+03    1.84775e+02    9.07916e+03

DD  step 16999999 load imb.: force  8.3%

           Step           Time
       17000000    34000.00000

   Energies (kJ/mol)
        LJ (SR)   Coulomb (SR)   Coul. recip.      Potential    Kinetic En.
    4.63029e+02    0.00000e+00    0.00000e+00    4.63029e+02    2.35285e+03
   Total Energy    Temperature Pressure (bar)
    2.81588e+03    1.88844e+02    9.13648e+03

DD  step 17999999 load imb.: force  5.7%

           Step           Time
       18000000    36000.00000

   Energies (kJ/mol)
        LJ (SR)   Coulomb (SR)   Coul. recip.      Potential    Kinetic En.
    4.56485e+02    0.00000e+00    0.00000e+00    4.56485e+02    2.13668e+03
   Total Energy    Temperature Pressure (bar)
    2.59317e+03    1.71494e+02    8.94425e+03

Writing checkpoint, step 18865760 at Mon Apr 29 17:05:39 2019


DD  step 18999999 load imb.: force  6.9%

           Step           Time
       19000000    38000.00000

   Energies (kJ/mol)
        LJ (SR)   Coulomb (SR)   Coul. recip.      Potential    Kinetic En.
    3.73094e+02    0.00000e+00    0.00000e+00    3.73094e+02    2.27673e+03
   Total Energy    Temperature Pressure (bar)
    2.64983e+03    1.82735e+02    7.98252e+03

DD  step 19999999 load imb.: force  6.8%

           Step           Time
       20000000    40000.00000

   Energies (kJ/mol)
        LJ (SR)   Coulomb (SR)   Coul. recip.      Potential    Kinetic En.
    4.54792e+02    0.00000e+00    0.00000e+00    4.54792e+02    2.21055e+03
   Total Energy    Temperature Pressure (bar)
    2.66534e+03    1.77423e+02    9.15758e+03

DD  step 20999999 load imb.: force  6.1%

           Step           Time
       21000000    42000.00000

   Energies (kJ/mol)
        LJ (SR)   Coulomb (SR)   Coul. recip.      Potential    Kinetic En.
    4.42952e+02    0.00000e+00    0.00000e+00    4.42952e+02    2.22186e+03
   Total Energy    Temperature Pressure (bar)
    2.66481e+03    1.78331e+02    8.72094e+03

DD  step 21999999 load imb.: force  3.3%

           Step           Time
       22000000    44000.00000

   Energies (kJ/mol)
        LJ (SR)   Coulomb (SR)   Coul. recip.      Potential    Kinetic En.
    4.15861e+02    0.00000e+00    0.00000e+00    4.15861e+02    2.19565e+03
   Total Energy    Temperature Pressure (bar)
    2.61151e+03    1.76227e+02    8.53853e+03

DD  step 22999999 load imb.: force  5.8%

           Step           Time
       23000000    46000.00000

   Energies (kJ/mol)
        LJ (SR)   Coulomb (SR)   Coul. recip.      Potential    Kinetic En.
    4.21982e+02    0.00000e+00    0.00000e+00    4.21982e+02    2.38077e+03
   Total Energy    Temperature Pressure (bar)
    2.80275e+03    1.91085e+02    8.58397e+03

Writing checkpoint, step 23581400 at Mon Apr 29 17:20:39 2019


DD  step 23999999 load imb.: force  6.5%

           Step           Time
       24000000    48000.00000

   Energies (kJ/mol)
        LJ (SR)   Coulomb (SR)   Coul. recip.      Potential    Kinetic En.
    4.50096e+02    0.00000e+00    0.00000e+00    4.50096e+02    2.28852e+03
   Total Energy    Temperature Pressure (bar)
    2.73862e+03    1.83681e+02    9.10222e+03

DD  step 24999999 load imb.: force  6.1%

           Step           Time
       25000000    50000.00000

   Energies (kJ/mol)
        LJ (SR)   Coulomb (SR)   Coul. recip.      Potential    Kinetic En.
    4.27835e+02    0.00000e+00    0.00000e+00    4.27835e+02    2.27023e+03
   Total Energy    Temperature Pressure (bar)
    2.69806e+03    1.82213e+02    8.66709e+03

DD  step 25999999 load imb.: force  4.2%

           Step           Time
       26000000    52000.00000

   Energies (kJ/mol)
        LJ (SR)   Coulomb (SR)   Coul. recip.      Potential    Kinetic En.
    4.10175e+02    0.00000e+00    0.00000e+00    4.10175e+02    2.09399e+03
   Total Energy    Temperature Pressure (bar)
    2.50416e+03    1.68067e+02    8.25888e+03

DD  step 26999999 load imb.: force  3.2%

           Step           Time
       27000000    54000.00000

   Energies (kJ/mol)
        LJ (SR)   Coulomb (SR)   Coul. recip.      Potential    Kinetic En.
    4.20357e+02    0.00000e+00    0.00000e+00    4.20357e+02    2.16818e+03
   Total Energy    Temperature Pressure (bar)
    2.58854e+03    1.74022e+02    8.56153e+03

DD  step 27999999 load imb.: force  6.2%

           Step           Time
       28000000    56000.00000

   Energies (kJ/mol)
        LJ (SR)   Coulomb (SR)   Coul. recip.      Potential    Kinetic En.
    4.51898e+02    0.00000e+00    0.00000e+00    4.51898e+02    2.22190e+03
   Total Energy    Temperature Pressure (bar)
    2.67380e+03    1.78334e+02    9.08629e+03

Writing checkpoint, step 28298270 at Mon Apr 29 17:35:39 2019


DD  step 28999999 load imb.: force  7.8%

           Step           Time
       29000000    58000.00000

   Energies (kJ/mol)
        LJ (SR)   Coulomb (SR)   Coul. recip.      Potential    Kinetic En.
    4.74093e+02    0.00000e+00    0.00000e+00    4.74093e+02    2.28542e+03
   Total Energy    Temperature Pressure (bar)
    2.75951e+03    1.83432e+02    9.28741e+03

DD  step 29999999 load imb.: force  4.3%

           Step           Time
       30000000    60000.00000

Writing checkpoint, step 30000000 at Mon Apr 29 17:41:04 2019


   Energies (kJ/mol)
        LJ (SR)   Coulomb (SR)   Coul. recip.      Potential    Kinetic En.
    4.26900e+02    0.00000e+00    0.00000e+00    4.26900e+02    2.31510e+03
   Total Energy    Temperature Pressure (bar)
    2.74200e+03    1.85814e+02    8.77939e+03

	<======  ###############  ==>
	<====  A V E R A G E S  ====>
	<==  ###############  ======>

	Statistics over 30000001 steps using 300001 frames

   Energies (kJ/mol)
        LJ (SR)   Coulomb (SR)   Coul. recip.      Potential    Kinetic En.
    4.47607e+02    0.00000e+00    0.00000e+00    4.47607e+02    2.24138e+03
   Total Energy    Temperature Pressure (bar)
    2.68898e+03    1.79897e+02    9.00025e+03

          Box-X          Box-Y          Box-Z
    3.42368e+00    3.42368e+00    3.42368e+00

   Total Virial (kJ/mol)
   -1.01274e+04    1.23192e+00   -5.90452e-01
    1.23191e+00   -1.01274e+04    3.57472e-01
   -5.90451e-01    3.57472e-01   -1.01286e+04

   Pressure (bar)
    8.99993e+03   -9.86633e-01    5.16974e-01
   -9.86631e-01    8.99995e+03   -2.23447e-01
    5.16973e-01   -2.23446e-01    9.00089e+03


	M E G A - F L O P S   A C C O U N T I N G

 NB=Group-cutoff nonbonded kernels    NxN=N-by-N cluster Verlet kernels
 RF=Reaction-Field  VdW=Van der Waals  QSTab=quadratic-spline table
 W3=SPC/TIP3p  W4=TIP4p (single or pairs)
 V&F=Potential and force  V=Potential only  F=Force only

 Computing:                               M-Number         M-Flops  % Flops
-----------------------------------------------------------------------------
 NB VdW [V&F]                        772787.555169      772787.555     0.3
 NB VdW [F]                        65767272.122436    65767272.122    26.3
 Calc Weights                         90000.003000     3240000.108     1.3
 Spread Q Bspline                   1920000.064000     3840000.128     1.5
 Gather F Bspline                   1920000.064000    11520000.384     4.6
 3D-FFT                            18995580.633186   151964645.065    60.8
 Solve PME                            94080.003136     6021120.201     2.4
 NS-Pairs                            315009.158463     6615192.328     2.6
 Reset In Box                          3000.000000        9000.000     0.0
 CG-CoM                                3000.001000        9000.003     0.0
 Virial                                5160.001720       92880.031     0.0
 Stop-CM                                300.001000        3000.010     0.0
 Calc-Ekin                             6000.002000      162000.054     0.1
-----------------------------------------------------------------------------
 Total                                               250016897.989   100.0
-----------------------------------------------------------------------------


    D O M A I N   D E C O M P O S I T I O N   S T A T I S T I C S

 av. #atoms communicated per step for force:  2 x 2971.4

 Average load imbalance: 6.6 %
 Part of the total run time spent waiting due to load imbalance: 1.0 %


     R E A L   C Y C L E   A N D   T I M E   A C C O U N T I N G

On 16 MPI ranks

 Computing:          Num   Num      Call    Wall time         Giga-Cycles
                     Ranks Threads  Count      (s)         total sum    %
-----------------------------------------------------------------------------
 Domain decomp.        16    1    3000000     171.531       7135.741   3.0
 DD comm. load         16    1      30002       0.044          1.823   0.0
 Neighbor search       16    1    3000001     534.768      22246.521   9.3
 Comm. coord.          16    1   30000001     210.541       8758.568   3.7
 Force                 16    1   30000001     976.105      40606.264  17.1
 Wait + Comm. F        16    1   30000001     211.666       8805.377   3.7
 PME mesh              16    1   30000001    3277.372     136339.618  57.2
 Write traj.           16    1         37       0.063          2.628   0.0
 Update                16    1   30000001     154.596       6431.251   2.7
 Comm. energies        16    1    3000001      39.135       1628.043   0.7
 Rest                                         149.041       6200.129   2.6
-----------------------------------------------------------------------------
 Total                                       5724.863     238155.963 100.0
-----------------------------------------------------------------------------
 Breakdown of PME mesh computation
-----------------------------------------------------------------------------
 PME redist. X/F       16    1   60000002     296.612      12339.152   5.2
 PME spread/gather     16    1   60000002     684.992      28495.856  12.0
 PME 3D-FFT            16    1   60000002    1007.447      41910.093  17.6
 PME 3D-FFT Comm.      16    1  120000004    1041.999      43347.462  18.2
 PME solve Elec        16    1   30000001     200.113       8324.780   3.5
-----------------------------------------------------------------------------

               Core t (s)   Wall t (s)        (%)
       Time:    91597.800     5724.863     1600.0
                         1h35:24
                 (ns/day)    (hour/ns)
Performance:      905.524        0.027
Finished mdrun on rank 0 Mon Apr 29 17:41:04 2019
